INFO:root:Se ha realizado un commit a las 13:35:14
INFO:root:Faltan 60 minutos y 0 segundos para el siguiente commit
INFO:root:Faltan 50 minutos y 0 segundos para el siguiente commit
INFO:root:Faltan 40 minutos y 0 segundos para el siguiente commit
INFO:root:Faltan 30 minutos y 0 segundos para el siguiente commit
INFO:root:Faltan 20 minutos y 0 segundos para el siguiente commit
INFO:root:Faltan 10 minutos y 0 segundos para el siguiente commit
INFO:root:Se ha realizado un commit a las 14:35:18
INFO:root:Faltan 60 minutos y 0 segundos para el siguiente commit
INFO:root:Faltan 50 minutos y 0 segundos para el siguiente commit
INFO:root:Faltan 40 minutos y 0 segundos para el siguiente commit
INFO:root:Faltan 30 minutos y 0 segundos para el siguiente commit
INFO:root:SESION INICIADA 
INFO:root:Se ha realizado un commit a las 15:35:44
INFO:root:Faltan 60 minutos y 0 segundos para el siguiente commit
INFO:root:SESION INICIADA 
INFO:root:Se ha realizado un commit a las 15:36:15
INFO:root:Faltan 60 minutos y 0 segundos para el siguiente commit
INFO:root:Faltan 50 minutos y 0 segundos para el siguiente commit
INFO:root:Faltan 50 minutos y 0 segundos para el siguiente commit
INFO:root:Faltan 40 minutos y 0 segundos para el siguiente commit
INFO:root:Faltan 40 minutos y 0 segundos para el siguiente commit
INFO:root:Faltan 30 minutos y 0 segundos para el siguiente commit
INFO:root:Faltan 30 minutos y 0 segundos para el siguiente commit
INFO:root:Faltan 20 minutos y 0 segundos para el siguiente commit
INFO:root:Faltan 20 minutos y 0 segundos para el siguiente commit
INFO:root:Faltan 10 minutos y 0 segundos para el siguiente commit
INFO:root:Faltan 10 minutos y 0 segundos para el siguiente commit
INFO:root:Se ha realizado un commit a las 16:35:49
INFO:root:Faltan 60 minutos y 0 segundos para el siguiente commit
INFO:root:Se ha realizado un commit a las 16:36:18
INFO:root:Faltan 60 minutos y 0 segundos para el siguiente commit
INFO:root:Faltan 50 minutos y 0 segundos para el siguiente commit
INFO:root:Faltan 50 minutos y 0 segundos para el siguiente commit
INFO:root:Faltan 40 minutos y 0 segundos para el siguiente commit
INFO:root:Faltan 40 minutos y 0 segundos para el siguiente commit
INFO:root:Faltan 30 minutos y 0 segundos para el siguiente commit
INFO:root:Faltan 30 minutos y 0 segundos para el siguiente commit
INFO:root:Faltan 20 minutos y 0 segundos para el siguiente commit
INFO:root:Faltan 20 minutos y 0 segundos para el siguiente commit
INFO:root:Faltan 10 minutos y 0 segundos para el siguiente commit
INFO:root:Faltan 10 minutos y 0 segundos para el siguiente commit
INFO:root:Se ha realizado un commit a las 17:35:52
INFO:root:Faltan 60 minutos y 0 segundos para el siguiente commit
INFO:root:Se ha realizado un commit a las 17:36:22
INFO:root:Faltan 60 minutos y 0 segundos para el siguiente commit
INFO:root:Faltan 50 minutos y 0 segundos para el siguiente commit
INFO:root:Faltan 50 minutos y 0 segundos para el siguiente commit
INFO:root:Faltan 40 minutos y 0 segundos para el siguiente commit
INFO:root:Faltan 40 minutos y 0 segundos para el siguiente commit
INFO:root:Faltan 30 minutos y 0 segundos para el siguiente commit
INFO:root:Faltan 30 minutos y 0 segundos para el siguiente commit
INFO:root:Faltan 20 minutos y 0 segundos para el siguiente commit
INFO:root:Faltan 20 minutos y 0 segundos para el siguiente commit
INFO:root:Faltan 10 minutos y 0 segundos para el siguiente commit
INFO:root:Faltan 10 minutos y 0 segundos para el siguiente commit
INFO:root:Se ha realizado un commit a las 18:35:56
INFO:root:Faltan 60 minutos y 0 segundos para el siguiente commit
INFO:root:Se ha realizado un commit a las 18:36:25
INFO:root:Faltan 60 minutos y 0 segundos para el siguiente commit
INFO:root:Faltan 50 minutos y 0 segundos para el siguiente commit
INFO:root:Faltan 50 minutos y 0 segundos para el siguiente commit
INFO:root:Faltan 40 minutos y 0 segundos para el siguiente commit
INFO:root:Faltan 40 minutos y 0 segundos para el siguiente commit
INFO:root:Faltan 30 minutos y 0 segundos para el siguiente commit
INFO:root:Faltan 30 minutos y 0 segundos para el siguiente commit
INFO:root:Faltan 20 minutos y 0 segundos para el siguiente commit
INFO:root:Faltan 20 minutos y 0 segundos para el siguiente commit
INFO:root:Faltan 10 minutos y 0 segundos para el siguiente commit
INFO:root:Faltan 10 minutos y 0 segundos para el siguiente commit
INFO:root:Se ha realizado un commit a las 19:35:59
INFO:root:Faltan 60 minutos y 0 segundos para el siguiente commit
INFO:root:Se ha realizado un commit a las 19:36:28
INFO:root:Faltan 60 minutos y 0 segundos para el siguiente commit
INFO:root:Faltan 50 minutos y 0 segundos para el siguiente commit
INFO:root:Faltan 50 minutos y 0 segundos para el siguiente commit
INFO:root:Faltan 40 minutos y 0 segundos para el siguiente commit
INFO:root:Faltan 40 minutos y 0 segundos para el siguiente commit
INFO:root:Faltan 30 minutos y 0 segundos para el siguiente commit
INFO:root:Faltan 30 minutos y 0 segundos para el siguiente commit
INFO:root:Faltan 20 minutos y 0 segundos para el siguiente commit
INFO:root:Faltan 20 minutos y 0 segundos para el siguiente commit
INFO:root:SESION INICIADA el 12/04/2023 a las 20:19:31
INFO:root:Faltan 60 minutos y 0 segundos para el siguiente commit
INFO:root:SESION INICIADA el 12/04/2023 a las 20:20:42
INFO:root:Faltan 60 minutos y 0 segundos para el siguiente commit
INFO:root:SESION INICIADA el 12/04/2023 a las 20:20:59
INFO:root:Se ha realizado un commit a las 20:20:59
INFO:root:Faltan 60 minutos y 0 segundos para el siguiente commit
INFO:root:SESION INICIADA el 12/04/2023 a las 20:21:43
INFO:root:Se ha realizado un commit a las 20:21:43
INFO:root:Faltan 10 minutos y 0 segundos para el siguiente commit
INFO:root:SESION INICIADA el 12/04/2023 a las 20:22:31
INFO:root:Se ha realizado un commit a las 20:22:31
INFO:root:Faltan 10 minutos y 0 segundos para el siguiente commit
INFO:root:SESION INICIADA el 12/04/2023 a las 20:23:24
INFO:root:Se ha realizado un commit a las 20:23:24
INFO:root:Faltan 10 minutos para el siguiente commit
INFO:root:Faltan 9 minutos y 0 segundos para el siguiente commit
INFO:root:Faltan 9 minutos para el siguiente commit
INFO:root:Faltan 8 minutos y 0 segundos para el siguiente commit
INFO:root:Faltan 8 minutos para el siguiente commit
INFO:root:Faltan 7 minutos y 0 segundos para el siguiente commit
INFO:root:SESION INICIADA el 12/04/2023 a las 20:25:48
INFO:root:Faltan 10 minutos para el siguiente commit
INFO:root:Faltan 6 minutos y 0 segundos para el siguiente commit
INFO:root:Faltan 9 minutos para el siguiente commit
INFO:root:Faltan 5 minutos y 0 segundos para el siguiente commit
INFO:root:Faltan 8 minutos para el siguiente commit
INFO:root:Faltan 4 minutos y 0 segundos para el siguiente commit
INFO:root:Faltan 7 minutos para el siguiente commit
INFO:root:Faltan 3 minutos y 0 segundos para el siguiente commit
INFO:root:Faltan 6 minutos para el siguiente commit
INFO:root:Faltan 2 minutos y 0 segundos para el siguiente commit
INFO:root:Faltan 5 minutos para el siguiente commit
INFO:root:Faltan 1 minutos y 0 segundos para el siguiente commit
INFO:root:Faltan 4 minutos para el siguiente commit
INFO:root:Se ha realizado un commit a las 20:32:34
INFO:root:Faltan 10 minutos y 0 segundos para el siguiente commit
INFO:root:Faltan 3 minutos para el siguiente commit
INFO:root:Faltan 9 minutos y 0 segundos para el siguiente commit
INFO:root:Faltan 2 minutos para el siguiente commit
INFO:root:Faltan 8 minutos y 0 segundos para el siguiente commit
INFO:root:Faltan 1 minutos para el siguiente commit
INFO:root:Faltan 7 minutos y 0 segundos para el siguiente commit
INFO:root:Se ha realizado un commit a las 20:35:49
INFO:root:Faltan 10 minutos para el siguiente commit
INFO:root:Faltan 6 minutos y 0 segundos para el siguiente commit
INFO:root:Faltan 9 minutos para el siguiente commit
INFO:root:Faltan 5 minutos y 0 segundos para el siguiente commit
INFO:root:Faltan 8 minutos para el siguiente commit
INFO:root:Faltan 4 minutos y 0 segundos para el siguiente commit
INFO:root:Faltan 7 minutos para el siguiente commit
INFO:root:Faltan 3 minutos y 0 segundos para el siguiente commit
INFO:root:Faltan 6 minutos para el siguiente commit
INFO:root:Faltan 2 minutos y 0 segundos para el siguiente commit
INFO:root:Faltan 5 minutos para el siguiente commit
INFO:root:Faltan 1 minutos y 0 segundos para el siguiente commit
INFO:root:Faltan 4 minutos para el siguiente commit
INFO:root:Se ha realizado un commit a las 20:42:38
INFO:root:Faltan 10 minutos y 0 segundos para el siguiente commit
INFO:root:Faltan 3 minutos para el siguiente commit
INFO:root:Faltan 9 minutos y 0 segundos para el siguiente commit
INFO:root:Faltan 2 minutos para el siguiente commit
INFO:root:Faltan 8 minutos y 0 segundos para el siguiente commit
INFO:root:Faltan 1 minutos para el siguiente commit
INFO:root:Faltan 7 minutos y 0 segundos para el siguiente commit
INFO:root:Se ha realizado un commit a las 20:45:52
INFO:root:Faltan 10 minutos para el siguiente commit
INFO:root:Faltan 6 minutos y 0 segundos para el siguiente commit
INFO:root:Faltan 9 minutos para el siguiente commit
INFO:root:Faltan 5 minutos y 0 segundos para el siguiente commit
INFO:root:Faltan 8 minutos para el siguiente commit
INFO:root:Faltan 4 minutos y 0 segundos para el siguiente commit
INFO:root:Faltan 7 minutos para el siguiente commit
INFO:root:Faltan 3 minutos y 0 segundos para el siguiente commit
INFO:root:Faltan 6 minutos para el siguiente commit
INFO:root:Faltan 2 minutos y 0 segundos para el siguiente commit
INFO:root:Faltan 5 minutos para el siguiente commit
INFO:root:Faltan 1 minutos y 0 segundos para el siguiente commit
INFO:root:Faltan 4 minutos para el siguiente commit
INFO:root:Se ha realizado un commit a las 20:52:41
INFO:root:Faltan 10 minutos y 0 segundos para el siguiente commit
INFO:root:Faltan 9 minutos y 0 segundos para el siguiente commit
INFO:root:Faltan 8 minutos y 0 segundos para el siguiente commit
INFO:root:Faltan 7 minutos y 0 segundos para el siguiente commit
INFO:root:Faltan 6 minutos y 0 segundos para el siguiente commit
INFO:root:Faltan 5 minutos y 0 segundos para el siguiente commit
INFO:root:Faltan 4 minutos y 0 segundos para el siguiente commit
INFO:root:Faltan 3 minutos y 0 segundos para el siguiente commit
INFO:root:Faltan 2 minutos y 0 segundos para el siguiente commit
INFO:root:Faltan 1 minutos y 0 segundos para el siguiente commit
INFO:root:Se ha realizado un commit a las 21:02:44
INFO:root:Faltan 10 minutos y 0 segundos para el siguiente commit
INFO:root:Faltan 9 minutos y 0 segundos para el siguiente commit
INFO:root:Faltan 8 minutos y 0 segundos para el siguiente commit
INFO:root:Faltan 7 minutos y 0 segundos para el siguiente commit
INFO:root:Faltan 6 minutos y 0 segundos para el siguiente commit
INFO:root:Faltan 5 minutos y 0 segundos para el siguiente commit
INFO:root:Faltan 4 minutos y 0 segundos para el siguiente commit
INFO:root:Faltan 3 minutos y 0 segundos para el siguiente commit
INFO:root:Faltan 2 minutos y 0 segundos para el siguiente commit
INFO:root:Faltan 1 minutos y 0 segundos para el siguiente commit
INFO:root:Se ha realizado un commit a las 21:12:48
INFO:root:Faltan 10 minutos y 0 segundos para el siguiente commit
INFO:root:Faltan 9 minutos y 0 segundos para el siguiente commit
INFO:root:Faltan 8 minutos y 0 segundos para el siguiente commit
INFO:root:Faltan 7 minutos y 0 segundos para el siguiente commit
INFO:root:Faltan 6 minutos y 0 segundos para el siguiente commit
INFO:root:Faltan 5 minutos y 0 segundos para el siguiente commit
INFO:root:Faltan 4 minutos y 0 segundos para el siguiente commit
INFO:root:Faltan 3 minutos y 0 segundos para el siguiente commit
INFO:root:Faltan 2 minutos y 0 segundos para el siguiente commit
INFO:root:Faltan 1 minutos y 0 segundos para el siguiente commit
INFO:root:Se ha realizado un commit a las 21:22:51
INFO:root:Faltan 10 minutos y 0 segundos para el siguiente commit
INFO:root:Faltan 9 minutos y 0 segundos para el siguiente commit
INFO:root:Faltan 8 minutos y 0 segundos para el siguiente commit
INFO:root:Faltan 7 minutos y 0 segundos para el siguiente commit
INFO:root:Faltan 6 minutos y 0 segundos para el siguiente commit
INFO:root:Faltan 5 minutos y 0 segundos para el siguiente commit
INFO:root:Faltan 4 minutos y 0 segundos para el siguiente commit
INFO:root:Faltan 3 minutos y 0 segundos para el siguiente commit
INFO:root:Faltan 2 minutos y 0 segundos para el siguiente commit
INFO:root:Faltan 1 minutos y 0 segundos para el siguiente commit
INFO:root:Se ha realizado un commit a las 21:32:54
INFO:root:Faltan 10 minutos y 0 segundos para el siguiente commit
INFO:root:Faltan 9 minutos y 0 segundos para el siguiente commit
INFO:root:Faltan 8 minutos y 0 segundos para el siguiente commit
INFO:root:Faltan 7 minutos y 0 segundos para el siguiente commit
INFO:root:Faltan 6 minutos y 0 segundos para el siguiente commit
INFO:root:Faltan 5 minutos y 0 segundos para el siguiente commit
INFO:root:Faltan 4 minutos y 0 segundos para el siguiente commit
INFO:root:Faltan 3 minutos y 0 segundos para el siguiente commit
INFO:root:Faltan 2 minutos y 0 segundos para el siguiente commit
INFO:root:Faltan 1 minutos y 0 segundos para el siguiente commit
INFO:root:Se ha realizado un commit a las 21:42:57
INFO:root:Faltan 10 minutos y 0 segundos para el siguiente commit
INFO:root:Faltan 9 minutos y 0 segundos para el siguiente commit
INFO:root:Faltan 8 minutos y 0 segundos para el siguiente commit
INFO:root:Faltan 7 minutos y 0 segundos para el siguiente commit
INFO:root:Faltan 6 minutos y 0 segundos para el siguiente commit
INFO:root:Faltan 5 minutos y 0 segundos para el siguiente commit
INFO:root:Faltan 4 minutos y 0 segundos para el siguiente commit
INFO:root:Faltan 3 minutos y 0 segundos para el siguiente commit
INFO:root:Faltan 2 minutos y 0 segundos para el siguiente commit
INFO:root:Faltan 1 minutos y 0 segundos para el siguiente commit
INFO:root:Se ha realizado un commit a las 21:53:00
INFO:root:Faltan 10 minutos y 0 segundos para el siguiente commit
INFO:root:Faltan 9 minutos y 0 segundos para el siguiente commit
INFO:root:Faltan 8 minutos y 0 segundos para el siguiente commit
INFO:root:Faltan 7 minutos y 0 segundos para el siguiente commit
INFO:root:Faltan 6 minutos y 0 segundos para el siguiente commit
INFO:root:Faltan 5 minutos y 0 segundos para el siguiente commit
INFO:root:Faltan 4 minutos y 0 segundos para el siguiente commit
INFO:root:Faltan 3 minutos y 0 segundos para el siguiente commit
INFO:root:Faltan 2 minutos y 0 segundos para el siguiente commit
INFO:root:Faltan 1 minutos y 0 segundos para el siguiente commit
INFO:root:Se ha realizado un commit a las 22:03:03
INFO:root:Faltan 10 minutos y 0 segundos para el siguiente commit
INFO:root:Faltan 9 minutos y 0 segundos para el siguiente commit
INFO:root:Faltan 8 minutos y 0 segundos para el siguiente commit
INFO:root:Faltan 7 minutos y 0 segundos para el siguiente commit
INFO:root:Faltan 6 minutos y 0 segundos para el siguiente commit
INFO:root:Faltan 5 minutos y 0 segundos para el siguiente commit
INFO:root:Faltan 4 minutos y 0 segundos para el siguiente commit
INFO:root:Faltan 3 minutos y 0 segundos para el siguiente commit
INFO:root:Faltan 2 minutos y 0 segundos para el siguiente commit
INFO:root:Faltan 1 minutos y 0 segundos para el siguiente commit
INFO:root:Se ha realizado un commit a las 22:13:06
INFO:root:Faltan 10 minutos y 0 segundos para el siguiente commit
INFO:root:Faltan 9 minutos y 0 segundos para el siguiente commit
INFO:root:Faltan 8 minutos y 0 segundos para el siguiente commit
INFO:root:Faltan 7 minutos y 0 segundos para el siguiente commit
INFO:root:Faltan 6 minutos y 0 segundos para el siguiente commit
INFO:root:Faltan 5 minutos y 0 segundos para el siguiente commit
INFO:root:Faltan 4 minutos y 0 segundos para el siguiente commit
INFO:root:Faltan 3 minutos y 0 segundos para el siguiente commit
INFO:root:Faltan 2 minutos y 0 segundos para el siguiente commit
INFO:root:Faltan 1 minutos y 0 segundos para el siguiente commit
INFO:root:Se ha realizado un commit a las 22:23:09
INFO:root:Faltan 10 minutos y 0 segundos para el siguiente commit
INFO:root:Faltan 9 minutos y 0 segundos para el siguiente commit
INFO:root:Faltan 8 minutos y 0 segundos para el siguiente commit
INFO:root:Faltan 7 minutos y 0 segundos para el siguiente commit
INFO:root:Faltan 6 minutos y 0 segundos para el siguiente commit
INFO:root:Faltan 5 minutos y 0 segundos para el siguiente commit
INFO:root:Faltan 4 minutos y 0 segundos para el siguiente commit
INFO:root:Faltan 3 minutos y 0 segundos para el siguiente commit
INFO:root:Faltan 2 minutos y 0 segundos para el siguiente commit
INFO:root:Faltan 1 minutos y 0 segundos para el siguiente commit
INFO:root:Se ha realizado un commit a las 22:33:13
INFO:root:Faltan 10 minutos y 0 segundos para el siguiente commit
INFO:root:Faltan 9 minutos y 0 segundos para el siguiente commit
INFO:root:Faltan 8 minutos y 0 segundos para el siguiente commit
INFO:root:Faltan 7 minutos y 0 segundos para el siguiente commit
INFO:root:Faltan 6 minutos y 0 segundos para el siguiente commit
INFO:root:Faltan 5 minutos y 0 segundos para el siguiente commit
INFO:root:Faltan 4 minutos y 0 segundos para el siguiente commit
INFO:root:Faltan 3 minutos y 0 segundos para el siguiente commit
INFO:root:Faltan 2 minutos y 0 segundos para el siguiente commit
INFO:root:Faltan 1 minutos y 0 segundos para el siguiente commit
INFO:root:Se ha realizado un commit a las 22:43:16
INFO:root:Faltan 10 minutos y 0 segundos para el siguiente commit
INFO:root:Faltan 9 minutos y 0 segundos para el siguiente commit
INFO:root:Faltan 8 minutos y 0 segundos para el siguiente commit
INFO:root:Faltan 7 minutos y 0 segundos para el siguiente commit
INFO:root:Faltan 6 minutos y 0 segundos para el siguiente commit
INFO:root:Faltan 5 minutos y 0 segundos para el siguiente commit
INFO:root:Faltan 4 minutos y 0 segundos para el siguiente commit
INFO:root:Faltan 3 minutos y 0 segundos para el siguiente commit
INFO:root:Faltan 2 minutos y 0 segundos para el siguiente commit
INFO:root:Faltan 1 minutos y 0 segundos para el siguiente commit
INFO:root:Se ha realizado un commit a las 22:53:19
INFO:root:Faltan 10 minutos y 0 segundos para el siguiente commit
INFO:root:Faltan 9 minutos y 0 segundos para el siguiente commit
INFO:root:Faltan 8 minutos y 0 segundos para el siguiente commit
INFO:root:Faltan 7 minutos y 0 segundos para el siguiente commit
INFO:root:Faltan 6 minutos y 0 segundos para el siguiente commit
INFO:root:Faltan 5 minutos y 0 segundos para el siguiente commit
INFO:root:Faltan 4 minutos y 0 segundos para el siguiente commit
INFO:root:Faltan 3 minutos y 0 segundos para el siguiente commit
INFO:root:Faltan 2 minutos y 0 segundos para el siguiente commit
INFO:root:Faltan 1 minutos y 0 segundos para el siguiente commit
INFO:root:Se ha realizado un commit a las 23:03:22
INFO:root:Faltan 10 minutos y 0 segundos para el siguiente commit
INFO:root:Faltan 9 minutos y 0 segundos para el siguiente commit
INFO:root:Faltan 8 minutos y 0 segundos para el siguiente commit
INFO:root:Faltan 7 minutos y 0 segundos para el siguiente commit
INFO:root:Faltan 6 minutos y 0 segundos para el siguiente commit
INFO:root:Faltan 5 minutos y 0 segundos para el siguiente commit
INFO:root:Faltan 4 minutos y 0 segundos para el siguiente commit
INFO:root:Faltan 3 minutos y 0 segundos para el siguiente commit
INFO:root:Faltan 2 minutos y 0 segundos para el siguiente commit
INFO:root:Faltan 1 minutos y 0 segundos para el siguiente commit
INFO:root:Se ha realizado un commit a las 23:13:25
INFO:root:Faltan 10 minutos y 0 segundos para el siguiente commit
INFO:root:Faltan 9 minutos y 0 segundos para el siguiente commit
INFO:root:Faltan 8 minutos y 0 segundos para el siguiente commit
INFO:root:Faltan 7 minutos y 0 segundos para el siguiente commit
INFO:root:Faltan 6 minutos y 0 segundos para el siguiente commit
INFO:root:Faltan 5 minutos y 0 segundos para el siguiente commit
INFO:root:Faltan 4 minutos y 0 segundos para el siguiente commit
INFO:root:Faltan 3 minutos y 0 segundos para el siguiente commit
INFO:root:Faltan 2 minutos y 0 segundos para el siguiente commit
INFO:root:Faltan 1 minutos y 0 segundos para el siguiente commit
INFO:root:Se ha realizado un commit a las 23:23:28
INFO:root:Faltan 10 minutos y 0 segundos para el siguiente commit
INFO:root:Faltan 9 minutos y 0 segundos para el siguiente commit
INFO:root:Faltan 8 minutos y 0 segundos para el siguiente commit
INFO:root:Faltan 7 minutos y 0 segundos para el siguiente commit
INFO:root:Faltan 6 minutos y 0 segundos para el siguiente commit
INFO:root:Faltan 5 minutos y 0 segundos para el siguiente commit
INFO:root:Faltan 4 minutos y 0 segundos para el siguiente commit
INFO:root:Faltan 3 minutos y 0 segundos para el siguiente commit
INFO:root:Faltan 2 minutos y 0 segundos para el siguiente commit
INFO:root:Faltan 1 minutos y 0 segundos para el siguiente commit
INFO:root:Se ha realizado un commit a las 23:33:31
INFO:root:Faltan 10 minutos y 0 segundos para el siguiente commit
INFO:root:Faltan 9 minutos y 0 segundos para el siguiente commit
INFO:root:Faltan 8 minutos y 0 segundos para el siguiente commit
INFO:root:Faltan 7 minutos y 0 segundos para el siguiente commit
INFO:root:Faltan 6 minutos y 0 segundos para el siguiente commit
INFO:root:Faltan 5 minutos y 0 segundos para el siguiente commit
INFO:root:Faltan 4 minutos y 0 segundos para el siguiente commit
INFO:root:Faltan 3 minutos y 0 segundos para el siguiente commit
INFO:root:Faltan 2 minutos y 0 segundos para el siguiente commit
INFO:root:Faltan 1 minutos y 0 segundos para el siguiente commit
INFO:root:Se ha realizado un commit a las 23:43:34
INFO:root:Faltan 10 minutos y 0 segundos para el siguiente commit
INFO:root:Faltan 9 minutos y 0 segundos para el siguiente commit
INFO:root:Faltan 8 minutos y 0 segundos para el siguiente commit
INFO:root:SESION INICIADA el 12/04/2023 a las 23:46:22
INFO:root:Faltan 10 minutos para el siguiente commit
INFO:root:Faltan 7 minutos y 0 segundos para el siguiente commit
INFO:root:Faltan 9 minutos para el siguiente commit
INFO:root:Faltan 6 minutos y 0 segundos para el siguiente commit
INFO:root:Faltan 8 minutos para el siguiente commit
INFO:root:Faltan 5 minutos y 0 segundos para el siguiente commit
INFO:root:Faltan 7 minutos para el siguiente commit
INFO:root:Faltan 4 minutos y 0 segundos para el siguiente commit
INFO:root:Faltan 6 minutos para el siguiente commit
INFO:root:Faltan 3 minutos y 0 segundos para el siguiente commit
INFO:root:Faltan 5 minutos para el siguiente commit
INFO:root:Faltan 2 minutos y 0 segundos para el siguiente commit
INFO:root:Faltan 4 minutos para el siguiente commit
INFO:root:Faltan 1 minutos y 0 segundos para el siguiente commit
INFO:root:Faltan 3 minutos para el siguiente commit
INFO:root:Se ha realizado un commit a las 23:53:38
INFO:root:Faltan 10 minutos y 0 segundos para el siguiente commit
INFO:root:Faltan 2 minutos para el siguiente commit
INFO:root:Faltan 9 minutos y 0 segundos para el siguiente commit
INFO:root:Faltan 1 minutos para el siguiente commit
INFO:root:Faltan 8 minutos y 0 segundos para el siguiente commit
INFO:root:Se ha realizado un commit a las 23:56:22
INFO:root:Faltan 10 minutos para el siguiente commit
INFO:root:Faltan 7 minutos y 0 segundos para el siguiente commit
INFO:root:Faltan 9 minutos para el siguiente commit
INFO:root:Faltan 6 minutos y 0 segundos para el siguiente commit
INFO:root:Faltan 8 minutos para el siguiente commit
INFO:root:Faltan 5 minutos y 0 segundos para el siguiente commit
INFO:root:Faltan 7 minutos para el siguiente commit
INFO:root:Faltan 4 minutos y 0 segundos para el siguiente commit
INFO:root:Faltan 6 minutos para el siguiente commit
INFO:root:Faltan 3 minutos y 0 segundos para el siguiente commit
INFO:root:Faltan 5 minutos para el siguiente commit
INFO:root:Faltan 2 minutos y 0 segundos para el siguiente commit
INFO:root:Faltan 4 minutos para el siguiente commit
INFO:root:Faltan 1 minutos y 0 segundos para el siguiente commit
INFO:root:Faltan 3 minutos para el siguiente commit
INFO:root:Se ha realizado un commit a las 00:03:41
INFO:root:Faltan 10 minutos y 0 segundos para el siguiente commit
INFO:root:Faltan 2 minutos para el siguiente commit
INFO:root:Faltan 9 minutos y 0 segundos para el siguiente commit
INFO:root:Faltan 1 minutos para el siguiente commit
INFO:root:Faltan 8 minutos y 0 segundos para el siguiente commit
INFO:root:Se ha realizado un commit a las 00:06:25
INFO:root:Faltan 10 minutos para el siguiente commit
INFO:root:Faltan 7 minutos y 0 segundos para el siguiente commit
INFO:root:Faltan 9 minutos para el siguiente commit
INFO:root:Faltan 6 minutos y 0 segundos para el siguiente commit
INFO:root:Faltan 8 minutos para el siguiente commit
INFO:root:Faltan 5 minutos y 0 segundos para el siguiente commit
INFO:root:Faltan 7 minutos para el siguiente commit
INFO:root:Faltan 4 minutos y 0 segundos para el siguiente commit
INFO:root:Faltan 6 minutos para el siguiente commit
INFO:root:Faltan 3 minutos y 0 segundos para el siguiente commit
INFO:root:Faltan 5 minutos para el siguiente commit
INFO:root:Faltan 2 minutos y 0 segundos para el siguiente commit
INFO:root:Faltan 4 minutos para el siguiente commit
INFO:root:Faltan 1 minutos y 0 segundos para el siguiente commit
INFO:root:Faltan 3 minutos para el siguiente commit
INFO:root:Se ha realizado un commit a las 00:13:44
INFO:root:Faltan 10 minutos y 0 segundos para el siguiente commit
INFO:root:Faltan 2 minutos para el siguiente commit
INFO:root:Faltan 9 minutos y 0 segundos para el siguiente commit
INFO:root:Faltan 1 minutos para el siguiente commit
INFO:root:Faltan 8 minutos y 0 segundos para el siguiente commit
