/mnt/deadmanschest/oioyarce/Benchmark/STKO-Benchmark/Structure-Model/2 nodes/8 cores
node11
lun 30 ene 2023 20:05:26 -03
/var/spool/slurmd/job37068/slurm_script: line 10: SECONDS: command not found
Authorization required, but no authorization protocol specified


         OpenSees -- Open System For Earthquake Engineering Simulation
                 Pacific Earthquake Engineering Research Center
                        Version 3.4.0 64-Bit

      (c) Copyright 1999-2016 The Regents of the University of California
                              All Rights Reserved
  (Copyright and Disclaimer @ http://www.berkeley.edu/OpenSees/copyright.html)


MPCO recorder - Written by ASDEA Software Technology: M.Petracca, G.Camata
ASDEA Software Technology: https://asdeasoft.net 
STKO (Scientific ToolKit for OpenSees): https://asdeasoft.net/stko/ 
If you use this tool, please cite us:
Petracca, M., Candeloro, F., & Camata, G. (2017). "STKO user manual". ASDEA Software Technology, Pescara Italy.
MPCO recorder - Written by ASDEA Software Technology: M.Petracca, G.Camata
ASDEA Software Technology: https://asdeasoft.net 
STKO (Scientific ToolKit for OpenSees): https://asdeasoft.net/stko/ 
If you use this tool, please cite us:
Petracca, M., Candeloro, F., & Camata, G. (2017). "STKO user manual". ASDEA Software Technology, Pescara Italy.
MPCO recorder - Written by ASDEA Software Technology: M.Petracca, G.Camata
ASDEA Software Technology: https://asdeasoft.net 
STKO (Scientific ToolKit for OpenSees): https://asdeasoft.net/stko/ 
If you use this tool, please cite us:
Petracca, M., Candeloro, F., & Camata, G. (2017). "STKO user manual". ASDEA Software Technology, Pescara Italy.
MPCO recorder - Written by ASDEA Software Technology: M.Petracca, G.Camata
ASDEA Software Technology: https://asdeasoft.net 
STKO (Scientific ToolKit for OpenSees): https://asdeasoft.net/stko/ 
If you use this tool, please cite us:
Petracca, M., Candeloro, F., & Camata, G. (2017). "STKO user manual". ASDEA Software Technology, Pescara Italy.
MPCO recorder - Written by ASDEA Software Technology: M.Petracca, G.Camata
ASDEA Software Technology: https://asdeasoft.net 
STKO (Scientific ToolKit for OpenSees): https://asdeasoft.net/stko/ 
If you use this tool, please cite us:
Petracca, M., Candeloro, F., & Camata, G. (2017). "STKO user manual". ASDEA Software Technology, Pescara Italy.
MPCO recorder - Written by ASDEA Software Technology: M.Petracca, G.Camata
ASDEA Software Technology: https://asdeasoft.net 
STKO (Scientific ToolKit for OpenSees): https://asdeasoft.net/stko/ 
If you use this tool, please cite us:
Petracca, M., Candeloro, F., & Camata, G. (2017). "STKO user manual". ASDEA Software Technology, Pescara Italy.
MPCO recorder - Written by ASDEA Software Technology: M.Petracca, G.Camata
ASDEA Software Technology: https://asdeasoft.net 
STKO (Scientific ToolKit for OpenSees): https://asdeasoft.net/stko/ 
If you use this tool, please cite us:
Petracca, M., Candeloro, F., & Camata, G. (2017). "STKO user manual". ASDEA Software Technology, Pescara Italy.
MPCO recorder - Written by ASDEA Software Technology: M.Petracca, G.Camata
ASDEA Software Technology: https://asdeasoft.net 
STKO (Scientific ToolKit for OpenSees): https://asdeasoft.net/stko/ 
If you use this tool, please cite us:
Petracca, M., Candeloro, F., & Camata, G. (2017). "STKO user manual". ASDEA Software Technology, Pescara Italy.
MPCO recorder - Written by ASDEA Software Technology: M.Petracca, G.Camata
ASDEA Software Technology: https://asdeasoft.net 
STKO (Scientific ToolKit for OpenSees): https://asdeasoft.net/stko/ 
If you use this tool, please cite us:
Petracca, M., Candeloro, F., & Camata, G. (2017). "STKO user manual". ASDEA Software Technology, Pescara Italy.
MPCO recorder - Written by ASDEA Software Technology: M.Petracca, G.Camata
ASDEA Software Technology: https://asdeasoft.net 
STKO (Scientific ToolKit for OpenSees): https://asdeasoft.net/stko/ 
If you use this tool, please cite us:
Petracca, M., Candeloro, F., & Camata, G. (2017). "STKO user manual". ASDEA Software Technology, Pescara Italy.
MPCO recorder - Written by ASDEA Software Technology: M.Petracca, G.Camata
ASDEA Software Technology: https://asdeasoft.net 
STKO (Scientific ToolKit for OpenSees): https://asdeasoft.net/stko/ 
If you use this tool, please cite us:
Petracca, M., Candeloro, F., & Camata, G. (2017). "STKO user manual". ASDEA Software Technology, Pescara Italy.
MPCO recorder - Written by ASDEA Software Technology: M.Petracca, G.Camata
ASDEA Software Technology: https://asdeasoft.net 
STKO (Scientific ToolKit for OpenSees): https://asdeasoft.net/stko/ 
If you use this tool, please cite us:
Petracca, M., Candeloro, F., & Camata, G. (2017). "STKO user manual". ASDEA Software Technology, Pescara Italy.
MPCO recorder - Written by ASDEA Software Technology: M.Petracca, G.Camata
ASDEA Software Technology: https://asdeasoft.net 
STKO (Scientific ToolKit for OpenSees): https://asdeasoft.net/stko/ 
If you use this tool, please cite us:
Petracca, M., Candeloro, F., & Camata, G. (2017). "STKO user manual". ASDEA Software Technology, Pescara Italy.
MPCO recorder - Written by ASDEA Software Technology: M.Petracca, G.Camata
ASDEA Software Technology: https://asdeasoft.net 
STKO (Scientific ToolKit for OpenSees): https://asdeasoft.net/stko/ 
If you use this tool, please cite us:
Petracca, M., Candeloro, F., & Camata, G. (2017). "STKO user manual". ASDEA Software Technology, Pescara Italy.
MPCO recorder - Written by ASDEA Software Technology: M.Petracca, G.Camata
ASDEA Software Technology: https://asdeasoft.net 
STKO (Scientific ToolKit for OpenSees): https://asdeasoft.net/stko/ 
If you use this tool, please cite us:
Petracca, M., Candeloro, F., & Camata, G. (2017). "STKO user manual". ASDEA Software Technology, Pescara Italy.
MPCO recorder - Written by ASDEA Software Technology: M.Petracca, G.Camata
ASDEA Software Technology: https://asdeasoft.net 
STKO (Scientific ToolKit for OpenSees): https://asdeasoft.net/stko/ 
If you use this tool, please cite us:
Petracca, M., Candeloro, F., & Camata, G. (2017). "STKO user manual". ASDEA Software Technology, Pescara Italy.
Increment: 1 - Iterations: 0 - Norm: 0.0 ( 1.0 % )
Increment: 2 - Iterations: 0 - Norm: 0.0 ( 2.0 % )
Increment: 3 - Iterations: 0 - Norm: 0.0 ( 3.0000000000000004 % )
Increment: 4 - Iterations: 0 - Norm: 0.0 ( 4.0 % )
Increment: 5 - Iterations: 0 - Norm: 0.0 ( 5.0 % )
Increment: 6 - Iterations: 0 - Norm: 0.0 ( 6.0 % )
Increment: 7 - Iterations: 0 - Norm: 0.0 ( 6.999999999999999 % )
Increment: 8 - Iterations: 0 - Norm: 0.0 ( 7.999999999999999 % )
Increment: 9 - Iterations: 0 - Norm: 0.0 ( 9.0 % )
Increment: 10 - Iterations: 0 - Norm: 0.0 ( 10.0 % )
Increment: 11 - Iterations: 0 - Norm: 0.0 ( 10.999999999999998 % )
Increment: 12 - Iterations: 0 - Norm: 0.0 ( 12.0 % )
Increment: 13 - Iterations: 0 - Norm: 0.0 ( 13.0 % )
Increment: 14 - Iterations: 0 - Norm: 0.0 ( 14.000000000000002 % )
Increment: 15 - Iterations: 0 - Norm: 0.0 ( 15.000000000000002 % )
Increment: 16 - Iterations: 0 - Norm: 0.0 ( 16.000000000000004 % )
Increment: 17 - Iterations: 0 - Norm: 0.0 ( 17.000000000000004 % )
Increment: 18 - Iterations: 0 - Norm: 0.0 ( 18.000000000000004 % )
Increment: 19 - Iterations: 0 - Norm: 0.0 ( 19.000000000000007 % )
Increment: 20 - Iterations: 0 - Norm: 0.0 ( 20.000000000000004 % )
Increment: 21 - Iterations: 0 - Norm: 0.0 ( 21.000000000000004 % )
Increment: 22 - Iterations: 0 - Norm: 0.0 ( 22.000000000000007 % )
Increment: 23 - Iterations: 0 - Norm: 0.0 ( 23.000000000000007 % )
Increment: 24 - Iterations: 0 - Norm: 0.0 ( 24.000000000000007 % )
Increment: 25 - Iterations: 0 - Norm: 0.0 ( 25.00000000000001 % )
Increment: 26 - Iterations: 0 - Norm: 0.0 ( 26.00000000000001 % )
Increment: 27 - Iterations: 0 - Norm: 0.0 ( 27.000000000000014 % )
Increment: 28 - Iterations: 0 - Norm: 0.0 ( 28.000000000000014 % )
Increment: 29 - Iterations: 0 - Norm: 0.0 ( 29.000000000000014 % )
Increment: 30 - Iterations: 0 - Norm: 0.0 ( 30.000000000000014 % )
Increment: 31 - Iterations: 0 - Norm: 0.0 ( 31.000000000000018 % )
Increment: 32 - Iterations: 0 - Norm: 0.0 ( 32.000000000000014 % )
Increment: 33 - Iterations: 0 - Norm: 0.0 ( 33.00000000000002 % )
Increment: 34 - Iterations: 0 - Norm: 0.0 ( 34.00000000000002 % )
Increment: 35 - Iterations: 0 - Norm: 0.0 ( 35.00000000000002 % )
Increment: 36 - Iterations: 0 - Norm: 0.0 ( 36.00000000000002 % )
Increment: 37 - Iterations: 0 - Norm: 0.0 ( 37.00000000000002 % )
Increment: 38 - Iterations: 0 - Norm: 0.0 ( 38.00000000000002 % )
Increment: 39 - Iterations: 0 - Norm: 0.0 ( 39.00000000000002 % )
Increment: 40 - Iterations: 0 - Norm: 0.0 ( 40.00000000000002 % )
Increment: 41 - Iterations: 0 - Norm: 0.0 ( 41.000000000000014 % )
Increment: 42 - Iterations: 0 - Norm: 0.0 ( 42.00000000000001 % )
Increment: 43 - Iterations: 0 - Norm: 0.0 ( 43.00000000000001 % )
Increment: 44 - Iterations: 0 - Norm: 0.0 ( 44.00000000000001 % )
Increment: 45 - Iterations: 0 - Norm: 0.0 ( 45.0 % )
Increment: 46 - Iterations: 0 - Norm: 0.0 ( 46.0 % )
Increment: 47 - Iterations: 0 - Norm: 0.0 ( 46.99999999999999 % )
Increment: 48 - Iterations: 0 - Norm: 0.0 ( 47.999999999999986 % )
Increment: 49 - Iterations: 0 - Norm: 0.0 ( 48.999999999999986 % )
Increment: 50 - Iterations: 0 - Norm: 0.0 ( 49.999999999999986 % )
Increment: 51 - Iterations: 0 - Norm: 0.0 ( 50.99999999999998 % )
Increment: 52 - Iterations: 0 - Norm: 0.0 ( 51.99999999999998 % )
Increment: 53 - Iterations: 0 - Norm: 0.0 ( 52.99999999999997 % )
Increment: 54 - Iterations: 0 - Norm: 0.0 ( 53.99999999999997 % )
Increment: 55 - Iterations: 0 - Norm: 0.0 ( 54.99999999999996 % )
Increment: 56 - Iterations: 0 - Norm: 0.0 ( 55.99999999999996 % )
Increment: 57 - Iterations: 0 - Norm: 0.0 ( 56.999999999999964 % )
Increment: 58 - Iterations: 0 - Norm: 0.0 ( 57.99999999999995 % )
Increment: 59 - Iterations: 0 - Norm: 0.0 ( 58.99999999999995 % )
Increment: 60 - Iterations: 0 - Norm: 0.0 ( 59.99999999999994 % )
Increment: 61 - Iterations: 0 - Norm: 0.0 ( 60.99999999999994 % )
Increment: 62 - Iterations: 0 - Norm: 0.0 ( 61.99999999999994 % )
Increment: 63 - Iterations: 0 - Norm: 0.0 ( 62.999999999999936 % )
Increment: 64 - Iterations: 0 - Norm: 0.0 ( 63.999999999999936 % )
Increment: 65 - Iterations: 0 - Norm: 0.0 ( 64.99999999999993 % )
Increment: 66 - Iterations: 0 - Norm: 0.0 ( 65.99999999999993 % )
Increment: 67 - Iterations: 0 - Norm: 0.0 ( 66.99999999999993 % )
Increment: 68 - Iterations: 0 - Norm: 0.0 ( 67.99999999999991 % )
Increment: 69 - Iterations: 0 - Norm: 0.0 ( 68.99999999999991 % )
Increment: 70 - Iterations: 0 - Norm: 0.0 ( 69.9999999999999 % )
Increment: 71 - Iterations: 0 - Norm: 0.0 ( 70.99999999999991 % )
Increment: 72 - Iterations: 0 - Norm: 0.0 ( 71.99999999999991 % )
Increment: 73 - Iterations: 0 - Norm: 0.0 ( 72.9999999999999 % )
Increment: 74 - Iterations: 0 - Norm: 0.0 ( 73.9999999999999 % )
Increment: 75 - Iterations: 0 - Norm: 0.0 ( 74.99999999999989 % )
Increment: 76 - Iterations: 0 - Norm: 0.0 ( 75.99999999999989 % )
Increment: 77 - Iterations: 0 - Norm: 0.0 ( 76.99999999999989 % )
Increment: 78 - Iterations: 0 - Norm: 0.0 ( 77.99999999999989 % )
Increment: 79 - Iterations: 0 - Norm: 0.0 ( 78.99999999999989 % )
Increment: 80 - Iterations: 0 - Norm: 0.0 ( 79.99999999999987 % )
Increment: 81 - Iterations: 0 - Norm: 0.0 ( 80.99999999999987 % )
Increment: 82 - Iterations: 0 - Norm: 0.0 ( 81.99999999999987 % )
Increment: 83 - Iterations: 0 - Norm: 0.0 ( 82.99999999999986 % )
Increment: 84 - Iterations: 0 - Norm: 0.0 ( 83.99999999999986 % )
Increment: 85 - Iterations: 0 - Norm: 0.0 ( 84.99999999999986 % )
Increment: 86 - Iterations: 0 - Norm: 0.0 ( 85.99999999999986 % )
Increment: 87 - Iterations: 0 - Norm: 0.0 ( 86.99999999999986 % )
Increment: 88 - Iterations: 0 - Norm: 0.0 ( 87.99999999999984 % )
Increment: 89 - Iterations: 0 - Norm: 0.0 ( 88.99999999999984 % )
Increment: 90 - Iterations: 0 - Norm: 0.0 ( 89.99999999999983 % )
Increment: 91 - Iterations: 0 - Norm: 0.0 ( 90.99999999999983 % )
Increment: 92 - Iterations: 0 - Norm: 0.0 ( 91.99999999999984 % )
Increment: 93 - Iterations: 0 - Norm: 0.0 ( 92.99999999999983 % )
Increment: 94 - Iterations: 0 - Norm: 0.0 ( 93.99999999999983 % )
Increment: 95 - Iterations: 0 - Norm: 0.0 ( 94.99999999999982 % )
Increment: 96 - Iterations: 0 - Norm: 0.0 ( 95.99999999999982 % )
Increment: 97 - Iterations: 0 - Norm: 0.0 ( 96.99999999999982 % )
Increment: 98 - Iterations: 0 - Norm: 0.0 ( 97.99999999999982 % )
Increment: 99 - Iterations: 0 - Norm: 0.0 ( 98.99999999999982 % )
Increment: 100 - Iterations: 0 - Norm: 0.0 ( 99.9999999999998 % )
Target time has been reached. Current time = 4.99999999999999
SUCCESS.
ANALYSIS SUCCESSFULLY FINISHED
ANALYSIS SUCCESSFULLY FINISHED
ANALYSIS SUCCESSFULLY FINISHED
ANALYSIS SUCCESSFULLY FINISHED
ANALYSIS SUCCESSFULLY FINISHED
ANALYSIS SUCCESSFULLY FINISHED
ANALYSIS SUCCESSFULLY FINISHED
ANALYSIS SUCCESSFULLY FINISHED
ANALYSIS SUCCESSFULLY FINISHED
ANALYSIS SUCCESSFULLY FINISHED
ANALYSIS SUCCESSFULLY FINISHED
ANALYSIS SUCCESSFULLY FINISHED
ANALYSIS SUCCESSFULLY FINISHED
ANALYSIS SUCCESSFULLY FINISHED
ANALYSIS SUCCESSFULLY FINISHED
ANALYSIS SUCCESSFULLY FINISHED
Process Terminating 0
Process Terminating 13
Process Terminating 14
Process Terminating 6
Process Terminating 4
Process Terminating 5
Process Terminating 1
Process Terminating 2
Process Terminating 7
Process Terminating 3
Process Terminating 12
Process Terminating 9
Process Terminating 10
Process Terminating 15
Process Terminating 8
Process Terminating 11
Elapsed: 90 seconds.
Code finished succesfully.
Ready to import files!
